<?xml version="1.1" encoding="UTF-8"?>
<testsuite name="org.gradle.XnorGateTest" tests="4" failures="0" errors="0" timestamp="2014-02-13T16:51:27" hostname="imc.uni-muenster.de" time="0.002">
  <properties/>
  <testcase name="testXnorFF" classname="org.gradle.XnorGateTest" time="0.001"/>
  <testcase name="testXnorFT" classname="org.gradle.XnorGateTest" time="0.0"/>
  <testcase name="testXnorTF" classname="org.gradle.XnorGateTest" time="0.0"/>
  <testcase name="testXnorTT" classname="org.gradle.XnorGateTest" time="0.0"/>
  <system-out><![CDATA[]]></system-out>
  <system-err><![CDATA[]]></system-err>
</testsuite>
