<?xml version="1.1" encoding="UTF-8"?>
<testsuite name="org.gradle.XorGateTest" tests="4" failures="0" errors="0" timestamp="2014-02-13T16:51:27" hostname="imc.uni-muenster.de" time="0.004">
  <properties/>
  <testcase name="testXorFF" classname="org.gradle.XorGateTest" time="0.0"/>
  <testcase name="testXorFT" classname="org.gradle.XorGateTest" time="0.0"/>
  <testcase name="testXorTF" classname="org.gradle.XorGateTest" time="0.0"/>
  <testcase name="testXorTT" classname="org.gradle.XorGateTest" time="0.0"/>
  <system-out><![CDATA[]]></system-out>
  <system-err><![CDATA[]]></system-err>
</testsuite>
