<?xml version="1.1" encoding="UTF-8"?>
<testsuite name="org.gradle.NotGateTest" tests="2" failures="0" errors="0" timestamp="2014-02-13T16:51:27" hostname="imc.uni-muenster.de" time="0.001">
  <properties/>
  <testcase name="testNotF" classname="org.gradle.NotGateTest" time="0.0"/>
  <testcase name="testNotT" classname="org.gradle.NotGateTest" time="0.0"/>
  <system-out><![CDATA[]]></system-out>
  <system-err><![CDATA[]]></system-err>
</testsuite>
