<?xml version="1.1" encoding="UTF-8"?>
<testsuite name="org.gradle.NorGateTest" tests="4" failures="0" errors="0" timestamp="2014-02-13T16:51:27" hostname="imc.uni-muenster.de" time="0.007">
  <properties/>
  <testcase name="testAndFF" classname="org.gradle.NorGateTest" time="0.0"/>
  <testcase name="testAndTF" classname="org.gradle.NorGateTest" time="0.0"/>
  <testcase name="testAndTT" classname="org.gradle.NorGateTest" time="0.0"/>
  <testcase name="testNorFT" classname="org.gradle.NorGateTest" time="0.0"/>
  <system-out><![CDATA[]]></system-out>
  <system-err><![CDATA[]]></system-err>
</testsuite>
