<?xml version="1.1" encoding="UTF-8"?>
<testsuite name="org.gradle.NandGateTest" tests="4" failures="0" errors="0" timestamp="2014-02-13T16:51:27" hostname="imc.uni-muenster.de" time="0.001">
  <properties/>
  <testcase name="testNandFF" classname="org.gradle.NandGateTest" time="0.0"/>
  <testcase name="testNandFT" classname="org.gradle.NandGateTest" time="0.0"/>
  <testcase name="testNandTF" classname="org.gradle.NandGateTest" time="0.0"/>
  <testcase name="testNandTT" classname="org.gradle.NandGateTest" time="0.0"/>
  <system-out><![CDATA[]]></system-out>
  <system-err><![CDATA[]]></system-err>
</testsuite>
